<?xml version="1.0" encoding="UTF-8"?>
<!-- Generated by org.testng.reporters.JUnitXMLReporter -->
<testsuite hostname="MININT-0QQM07S" ignored="0" name="Default test" tests="2" failures="0" timestamp="03 Aug 2017 08:01:23 GMT" time="16.378" errors="0">
  <testcase name="testEventsONE" time="3.97" classname="com.onlytrailcodeforselenium.EventListenerExample"/>
  <testcase name="testEventsTWO" time="1.001" classname="com.onlytrailcodeforselenium.EventListenerExample"/>
</testsuite> <!-- Default test -->
