<?xml version="1.0" encoding="UTF-8"?>
<testng-results skipped="0" failed="0" ignored="0" total="2" passed="2">
  <reporter-output>
  </reporter-output>
  <suite name="Default suite" duration-ms="16378" started-at="2017-08-03T08:01:07Z" finished-at="2017-08-03T08:01:23Z">
    <groups>
    </groups>
    <test name="Default test" duration-ms="16378" started-at="2017-08-03T08:01:07Z" finished-at="2017-08-03T08:01:23Z">
      <class name="com.onlytrailcodeforselenium.EventListenerExample">
        <test-method status="PASS" signature="setUp()[pri:0, instance:com.onlytrailcodeforselenium.EventListenerExample@3e6fa38a]" name="setUp" is-config="true" duration-ms="11392" started-at="2017-08-03T13:31:07Z" finished-at="2017-08-03T13:31:18Z">
          <reporter-output>
          </reporter-output>
        </test-method> <!-- setUp -->
        <test-method status="PASS" signature="testEventsONE()[pri:0, instance:com.onlytrailcodeforselenium.EventListenerExample@3e6fa38a]" name="testEventsONE" duration-ms="3970" started-at="2017-08-03T13:31:18Z" finished-at="2017-08-03T13:31:22Z">
          <reporter-output>
          </reporter-output>
        </test-method> <!-- testEventsONE -->
        <test-method status="PASS" signature="testEventsTWO()[pri:0, instance:com.onlytrailcodeforselenium.EventListenerExample@3e6fa38a]" name="testEventsTWO" duration-ms="1001" started-at="2017-08-03T13:31:22Z" finished-at="2017-08-03T13:31:23Z">
          <reporter-output>
          </reporter-output>
        </test-method> <!-- testEventsTWO -->
      </class> <!-- com.onlytrailcodeforselenium.EventListenerExample -->
    </test> <!-- Default test -->
  </suite> <!-- Default suite -->
</testng-results>
